# JRE version: OpenJDK Runtime Environment Microsoft-8035246 (17.0.8+7) (build 17.0.8+7-LTS)
# Java VM: OpenJDK 64-Bit Server VM Microsoft-8035246 (17.0.8+7-LTS, mixed mode, sharing, tiered, compressed oops, compressed class ptrs, g1 gc, windows-amd64)
GC Precious Log:
 CPUs: 8 total, 8 available
 Memory: 16289M
 Large Page Support: Disabled
 NUMA Support: Disabled
 Compressed Oops: Enabled (32-bit)
 Heap Region Size: 1M
 Heap Min Capacity: 8M
 Heap Initial Capacity: 256M
 Heap Max Capacity: 2G
 Pre-touch: Disabled
 Parallel Workers: 8
 Concurrent Workers: 2
 Concurrent Refinement Workers: 8
 Periodic GC: Disabled
Heap:
 garbage-first heap   total 300032K, used 231646K [0x0000000080000000, 0x0000000100000000)
  region size 1024K, 31 young (31744K), 4 survivors (4096K)
 Metaspace       used 104081K, committed 105408K, reserved 557056K
  class space    used 14619K, committed 15232K, reserved 425984K
GC Heap History (20 events):
Event: 35.598 GC heap before
{Heap before GC invocations=69 (full 0):
 garbage-first heap   total 235520K, used 142174K [0x0000000080000000, 0x0000000100000000)
  region size 1024K, 11 young (11264K), 3 survivors (3072K)
 Metaspace       used 94392K, committed 95424K, reserved 557056K
  class space    used 13343K, committed 13824K, reserved 425984K
}
Event: 35.602 GC heap after
{Heap after GC invocations=70 (full 0):
 garbage-first heap   total 235520K, used 134591K [0x0000000080000000, 0x0000000100000000)
  region size 1024K, 1 young (1024K), 1 survivors (1024K)
 Metaspace       used 94392K, committed 95424K, reserved 557056K
  class space    used 13343K, committed 13824K, reserved 425984K
}
Event: 36.096 GC heap before
{Heap before GC invocations=70 (full 0):
 garbage-first heap   total 235520K, used 180671K [0x0000000080000000, 0x0000000100000000)
  region size 1024K, 46 young (47104K), 1 survivors (1024K)
 Metaspace       used 96272K, committed 97344K, reserved 557056K
  class space    used 13587K, committed 14080K, reserved 425984K
}
Event: 36.101 GC heap after
{Heap after GC invocations=71 (full 0):
 garbage-first heap   total 235520K, used 138652K [0x0000000080000000, 0x0000000100000000)
  region size 1024K, 5 young (5120K), 5 survivors (5120K)
 Metaspace       used 96272K, committed 97344K, reserved 557056K
  class space    used 13587K, committed 14080K, reserved 425984K
}
Event: 36.401 GC heap before
{Heap before GC invocations=71 (full 0):
 garbage-first heap   total 235520K, used 184732K [0x0000000080000000, 0x0000000100000000)
  region size 1024K, 50 young (51200K), 5 survivors (5120K)
 Metaspace       used 96490K, committed 97536K, reserved 557056K
  class space    used 13610K, committed 14080K, reserved 425984K
}
Event: 36.411 GC heap after
{Heap after GC invocations=72 (full 0):
 garbage-first heap   total 235520K, used 146426K [0x0000000080000000, 0x0000000100000000)
  region size 1024K, 7 young (7168K), 7 survivors (7168K)
 Metaspace       used 96490K, committed 97536K, reserved 557056K
  class space    used 13610K, committed 14080K, reserved 425984K
}
Event: 36.712 GC heap before
{Heap before GC invocations=72 (full 0):
 garbage-first heap   total 235520K, used 188410K [0x0000000080000000, 0x0000000100000000)
  region size 1024K, 48 young (49152K), 7 survivors (7168K)
 Metaspace       used 96654K, committed 97728K, reserved 557056K
  class space    used 13627K, committed 14144K, reserved 425984K
}
Event: 36.721 GC heap after
{Heap after GC invocations=73 (full 0):
 garbage-first heap   total 300032K, used 153705K [0x0000000080000000, 0x0000000100000000)
  region size 1024K, 6 young (6144K), 6 survivors (6144K)
 Metaspace       used 96654K, committed 97728K, reserved 557056K
  class space    used 13627K, committed 14144K, reserved 425984K
}
Event: 37.702 GC heap before
{Heap before GC invocations=73 (full 0):
 garbage-first heap   total 300032K, used 228457K [0x0000000080000000, 0x0000000100000000)
  region size 1024K, 78 young (79872K), 6 survivors (6144K)
 Metaspace       used 98738K, committed 99904K, reserved 557056K
  class space    used 13911K, committed 14464K, reserved 425984K
}
Event: 37.713 GC heap after
{Heap after GC invocations=74 (full 0):
 garbage-first heap   total 300032K, used 168467K [0x0000000080000000, 0x0000000100000000)
  region size 1024K, 10 young (10240K), 10 survivors (10240K)
 Metaspace       used 98738K, committed 99904K, reserved 557056K
  class space    used 13911K, committed 14464K, reserved 425984K
}
Event: 39.613 GC heap before
{Heap before GC invocations=74 (full 0):
 garbage-first heap   total 300032K, used 232979K [0x0000000080000000, 0x0000000100000000)
  region size 1024K, 73 young (74752K), 10 survivors (10240K)
 Metaspace       used 102007K, committed 103296K, reserved 557056K
  class space    used 14356K, committed 14976K, reserved 425984K
}
Event: 39.627 GC heap after
{Heap after GC invocations=75 (full 0):
 garbage-first heap   total 300032K, used 177342K [0x0000000080000000, 0x0000000100000000)
  region size 1024K, 9 young (9216K), 9 survivors (9216K)
 Metaspace       used 102007K, committed 103296K, reserved 557056K
  class space    used 14356K, committed 14976K, reserved 425984K
}
Event: 40.628 GC heap before
{Heap before GC invocations=75 (full 0):
 garbage-first heap   total 300032K, used 237758K [0x0000000080000000, 0x0000000100000000)
  region size 1024K, 68 young (69632K), 9 survivors (9216K)
 Metaspace       used 102474K, committed 103744K, reserved 557056K
  class space    used 14386K, committed 14976K, reserved 425984K
}
Event: 40.641 GC heap after
{Heap after GC invocations=76 (full 0):
 garbage-first heap   total 300032K, used 184073K [0x0000000080000000, 0x0000000100000000)
  region size 1024K, 7 young (7168K), 7 survivors (7168K)
 Metaspace       used 102474K, committed 103744K, reserved 557056K
  class space    used 14386K, committed 14976K, reserved 425984K
}
Event: 41.306 GC heap before
{Heap before GC invocations=76 (full 0):
 garbage-first heap   total 300032K, used 240393K [0x0000000080000000, 0x0000000100000000)
  region size 1024K, 63 young (64512K), 7 survivors (7168K)
 Metaspace       used 103491K, committed 104768K, reserved 557056K
  class space    used 14558K, committed 15168K, reserved 425984K
}
Event: 41.317 GC heap after
{Heap after GC invocations=77 (full 0):
 garbage-first heap   total 300032K, used 188606K [0x0000000080000000, 0x0000000100000000)
  region size 1024K, 5 young (5120K), 5 survivors (5120K)
 Metaspace       used 103491K, committed 104768K, reserved 557056K
  class space    used 14558K, committed 15168K, reserved 425984K
}
Event: 42.024 GC heap before
{Heap before GC invocations=77 (full 0):
 garbage-first heap   total 300032K, used 244926K [0x0000000080000000, 0x0000000100000000)
  region size 1024K, 61 young (62464K), 5 survivors (5120K)
 Metaspace       used 103935K, committed 105152K, reserved 557056K
  class space    used 14608K, committed 15168K, reserved 425984K
}
Event: 42.033 GC heap after
{Heap after GC invocations=78 (full 0):
 garbage-first heap   total 300032K, used 194169K [0x0000000080000000, 0x0000000100000000)
  region size 1024K, 8 young (8192K), 8 survivors (8192K)
 Metaspace       used 103935K, committed 105152K, reserved 557056K
  class space    used 14608K, committed 15168K, reserved 425984K
}
Event: 42.594 GC heap before
{Heap before GC invocations=78 (full 0):
 garbage-first heap   total 300032K, used 247417K [0x0000000080000000, 0x0000000100000000)
  region size 1024K, 61 young (62464K), 8 survivors (8192K)
 Metaspace       used 103947K, committed 105152K, reserved 557056K
  class space    used 14608K, committed 15168K, reserved 425984K
}
Event: 42.603 GC heap after
{Heap after GC invocations=79 (full 0):
 garbage-first heap   total 300032K, used 197854K [0x0000000080000000, 0x0000000100000000)
  region size 1024K, 4 young (4096K), 4 survivors (4096K)
 Metaspace       used 103947K, committed 105152K, reserved 557056K
  class space    used 14608K, committed 15168K, reserved 425984K
}

